=========================================
 Starting Universal Git Sync (Verbose Log)
 Time: Tue Nov  4 12:44:21 CET 2025
=========================================
Skipping backup directory: /Users/dennishmathes/Documents/MyWebsiteGIT/weather-dashboard.BKUP

--- PROCESSING REPO: dennyrgood.github.io (Tue Nov  4 12:44:28 CET 2025) ---
Path: /Users/dennishmathes/Documents/MyWebsiteGIT/dennyrgood.github.io
-> Staging all changes...
-> Pulling remote changes (git pull --rebase)...
   Already up to date.
-> Pushing changes to remote (git push)...
   Everything up-to-date

--- PROCESSING REPO: excel-web-interface (Tue Nov  4 12:44:30 CET 2025) ---
Path: /Users/dennishmathes/Documents/MyWebsiteGIT/excel-web-interface
-> Staging all changes...
-> Pulling remote changes (git pull --rebase)...
   Already up to date.
-> Pushing changes to remote (git push)...
   Everything up-to-date

--- PROCESSING REPO: weather-dashboard (Tue Nov  4 12:44:31 CET 2025) ---
Path: /Users/dennishmathes/Documents/MyWebsiteGIT/weather-dashboard
-> Staging all changes...
-> Pulling remote changes (git pull --rebase)...
   Already up to date.
-> Pushing changes to remote (git push)...
   Everything up-to-date

--- PROCESSING REPO: USDZ_AVP (Tue Nov  4 12:44:33 CET 2025) ---
Path: /Users/dennishmathes/Documents/MyWebsiteGIT/USDZ_AVP
-> Staging all changes...
-> Pulling remote changes (git pull --rebase)...
   Already up to date.
-> Pushing changes to remote (git push)...
   Everything up-to-date

--- PROCESSING REPO: Scripts (Tue Nov  4 12:44:34 CET 2025) ---
Path: /Users/dennishmathes/Documents/MyWebsiteGIT/Scripts
-> Staging all changes...
